\BOOKMARK [1][-]{section.1}{\376\377\000C\000a\000r\000e\000e\000r\000\040\000P\000r\000o\000f\000i\000l\000e}{}% 1
\BOOKMARK [1][-]{section.2}{\376\377\000C\000a\000r\000e\000e\000r\000\040\000O\000b\000j\000e\000c\000t\000i\000v\000e}{}% 2
\BOOKMARK [1][-]{section.3}{\376\377\000E\000d\000u\000c\000a\000t\000i\000o\000n\000\040\000a\000n\000d\000\040\000Q\000u\000a\000l\000i\000f\000i\000c\000a\000t\000i\000o\000n\000s}{}% 3
\BOOKMARK [1][-]{section.4}{\376\377\000A\000w\000a\000r\000d\000s\000\040\000a\000n\000d\000\040\000R\000e\000c\000o\000g\000n\000i\000t\000i\000o\000n}{}% 4
\BOOKMARK [1][-]{section.5}{\376\377\000T\000e\000a\000c\000h\000i\000n\000g\000\040\000a\000n\000d\000\040\000C\000o\000v\000e\000r\000\040\000E\000x\000p\000e\000r\000i\000e\000n\000c\000e}{}% 5
\BOOKMARK [1][-]{section.6}{\376\377\000K\000e\000y\000\040\000S\000k\000i\000l\000l\000s\000\040\000f\000o\000r\000\040\000S\000u\000p\000p\000l\000y\000\040\000T\000e\000a\000c\000h\000i\000n\000g}{}% 6
\BOOKMARK [2][-]{subsection.6.1}{\376\377\000C\000l\000a\000s\000s\000r\000o\000o\000m\000\040\000M\000a\000n\000a\000g\000e\000m\000e\000n\000t\000:}{section.6}% 7
\BOOKMARK [2][-]{subsection.6.2}{\376\377\000S\000u\000b\000j\000e\000c\000t\000\040\000V\000e\000r\000s\000a\000t\000i\000l\000i\000t\000y\000:}{section.6}% 8
\BOOKMARK [2][-]{subsection.6.3}{\376\377\000P\000r\000o\000f\000e\000s\000s\000i\000o\000n\000a\000l\000\040\000A\000t\000t\000r\000i\000b\000u\000t\000e\000s\000:}{section.6}% 9
\BOOKMARK [1][-]{section.7}{\376\377\000T\000e\000c\000h\000n\000i\000c\000a\000l\000\040\000S\000k\000i\000l\000l\000s}{}% 10
\BOOKMARK [2][-]{subsection.7.1}{\376\377\000P\000r\000o\000g\000r\000a\000m\000m\000i\000n\000g\000\040\000a\000n\000d\000\040\000S\000o\000f\000t\000w\000a\000r\000e\000\040\000D\000e\000v\000e\000l\000o\000p\000m\000e\000n\000t\000:}{section.7}% 11
\BOOKMARK [2][-]{subsection.7.2}{\376\377\000D\000e\000s\000i\000g\000n\000\040\000a\000n\000d\000\040\000M\000e\000d\000i\000a\000\040\000S\000o\000f\000t\000w\000a\000r\000e\000:}{section.7}% 12
\BOOKMARK [2][-]{subsection.7.3}{\376\377\000V\000i\000d\000e\000o\000\040\000a\000n\000d\000\040\000A\000u\000d\000i\000o\000\040\000P\000r\000o\000d\000u\000c\000t\000i\000o\000n\000:}{section.7}% 13
\BOOKMARK [1][-]{section.8}{\376\377\000P\000r\000o\000f\000e\000s\000s\000i\000o\000n\000a\000l\000\040\000D\000e\000v\000e\000l\000o\000p\000m\000e\000n\000t\000\040\000a\000n\000d\000\040\000T\000r\000a\000i\000n\000i\000n\000g}{}% 14
\BOOKMARK [2][-]{subsection.8.1}{\376\377\000A\000c\000a\000d\000e\000m\000i\000c\000\040\000T\000e\000a\000c\000h\000i\000n\000g\000\040\000Q\000u\000a\000l\000i\000f\000i\000c\000a\000t\000i\000o\000n\000s\000:}{section.8}% 15
\BOOKMARK [2][-]{subsection.8.2}{\376\377\000P\000r\000o\000f\000e\000s\000s\000i\000o\000n\000a\000l\000\040\000C\000e\000r\000t\000i\000f\000i\000c\000a\000t\000i\000o\000n\000s\000:}{section.8}% 16
\BOOKMARK [2][-]{subsection.8.3}{\376\377\000C\000r\000e\000a\000t\000i\000v\000e\000\040\000a\000n\000d\000\040\000D\000i\000g\000i\000t\000a\000l\000\040\000S\000k\000i\000l\000l\000s\000\040\000T\000r\000a\000i\000n\000i\000n\000g\000:}{section.8}% 17
\BOOKMARK [1][-]{section.9}{\376\377\000A\000d\000d\000i\000t\000i\000o\000n\000a\000l\000\040\000Q\000u\000a\000l\000i\000f\000i\000c\000a\000t\000i\000o\000n\000s\000\040\000a\000n\000d\000\040\000A\000c\000h\000i\000e\000v\000e\000m\000e\000n\000t\000s}{}% 18
\BOOKMARK [2][-]{subsection.9.1}{\376\377\000R\000e\000s\000e\000a\000r\000c\000h\000\040\000a\000n\000d\000\040\000P\000u\000b\000l\000i\000c\000a\000t\000i\000o\000n\000s\000:}{section.9}% 19
\BOOKMARK [2][-]{subsection.9.2}{\376\377\000P\000r\000o\000f\000e\000s\000s\000i\000o\000n\000a\000l\000\040\000M\000e\000m\000b\000e\000r\000s\000h\000i\000p\000s\000:}{section.9}% 20
\BOOKMARK [2][-]{subsection.9.3}{\376\377\000M\000e\000d\000i\000a\000\040\000R\000e\000c\000o\000g\000n\000i\000t\000i\000o\000n\000:}{section.9}% 21
\BOOKMARK [1][-]{section.10}{\376\377\000L\000e\000a\000d\000e\000r\000s\000h\000i\000p\000\040\000a\000n\000d\000\040\000E\000n\000t\000r\000e\000p\000r\000e\000n\000e\000u\000r\000i\000a\000l\000\040\000E\000x\000p\000e\000r\000i\000e\000n\000c\000e}{}% 22
\BOOKMARK [1][-]{section.11}{\376\377\000I\000n\000t\000e\000r\000e\000s\000t\000s\000\040\000a\000n\000d\000\040\000A\000c\000t\000i\000v\000i\000t\000i\000e\000s}{}% 23
\BOOKMARK [1][-]{section.12}{\376\377\000R\000e\000f\000e\000r\000e\000n\000c\000e\000s}{}% 24
